<?xml version="1.0" encoding="UTF-8"?>
<!-- Generated by org.testng.reporters.JUnitXMLReporter -->
<testsuite ignored="0" hostname="DESKTOP-LBD5C48" failures="1" tests="1" name="Test(failed)" time="96.606" errors="0" timestamp="2022-07-27T16:10:37 IST">
  <testcase classname="com.medevantage.testCases.AppointmentConfm_Test" name="AppointmentConfm" time="96.528">
    <failure type="org.openqa.selenium.NoSuchElementException" message="An element could not be located on the page using the given search parameters.
For documentation on this error, please visit: https://www.seleniumhq.org/exceptions/no_such_element.html
Build info: version: &amp;apos;3.141.59&amp;apos;, revision: &amp;apos;e82be7d358&amp;apos;, time: &amp;apos;2018-11-14T08:17:03&amp;apos;
System info: host: &amp;apos;DESKTOP-LBD5C48&amp;apos;, ip: &amp;apos;192.168.43.207&amp;apos;, os.name: &amp;apos;Windows 10&amp;apos;, os.arch: &amp;apos;amd64&amp;apos;, os.version: &amp;apos;10.0&amp;apos;, java.version: &amp;apos;17.0.2&amp;apos;
Driver info: io.appium.java_client.AppiumDriver
Capabilities {appActivity: com.pc360.appmedevantage.Ma..., appPackage: com.pc360.appmedevantage, automationName: uiautomator2, databaseEnabled: false, desired: {appActivity: com.pc360.appmedevantage.Ma..., appPackage: com.pc360.appmedevantage, automationName: uiautomator2, deviceName: Redmi Note 5 Pro, noReset: true, platformName: android, platformVersion: 9, udid: 4ec3aa6f}, deviceApiLevel: 28, deviceManufacturer: Xiaomi, deviceModel: Redmi Note 5 Pro, deviceName: 4ec3aa6f, deviceScreenDensity: 440, deviceScreenSize: 1080x2160, deviceUDID: 4ec3aa6f, javascriptEnabled: true, locationContextEnabled: false, networkConnectionEnabled: true, noReset: true, pixelRatio: 2.75, platform: LINUX, platformName: android, platformVersion: 9, statBarHeight: 66, takesScreenshot: true, udid: 4ec3aa6f, viewportRect: {height: 1964, left: 0, top: 66, width: 1080}, warnings: {}, webStorageEnabled: false}
Session ID: b7441fa2-bf34-4328-8ebb-499bc58bc4ed
*** Element info: {Using=xpath, value=//*[@text=&amp;apos;calendar outline Add To Calendar&amp;apos;]}">
      <![CDATA[org.openqa.selenium.NoSuchElementException: An element could not be located on the page using the given search parameters.
For documentation on this error, please visit: https://www.seleniumhq.org/exceptions/no_such_element.html
Build info: version: '3.141.59', revision: 'e82be7d358', time: '2018-11-14T08:17:03'
System info: host: 'DESKTOP-LBD5C48', ip: '192.168.43.207', os.name: 'Windows 10', os.arch: 'amd64', os.version: '10.0', java.version: '17.0.2'
Driver info: io.appium.java_client.AppiumDriver
Capabilities {appActivity: com.pc360.appmedevantage.Ma..., appPackage: com.pc360.appmedevantage, automationName: uiautomator2, databaseEnabled: false, desired: {appActivity: com.pc360.appmedevantage.Ma..., appPackage: com.pc360.appmedevantage, automationName: uiautomator2, deviceName: Redmi Note 5 Pro, noReset: true, platformName: android, platformVersion: 9, udid: 4ec3aa6f}, deviceApiLevel: 28, deviceManufacturer: Xiaomi, deviceModel: Redmi Note 5 Pro, deviceName: 4ec3aa6f, deviceScreenDensity: 440, deviceScreenSize: 1080x2160, deviceUDID: 4ec3aa6f, javascriptEnabled: true, locationContextEnabled: false, networkConnectionEnabled: true, noReset: true, pixelRatio: 2.75, platform: LINUX, platformName: android, platformVersion: 9, statBarHeight: 66, takesScreenshot: true, udid: 4ec3aa6f, viewportRect: {height: 1964, left: 0, top: 66, width: 1080}, warnings: {}, webStorageEnabled: false}
Session ID: b7441fa2-bf34-4328-8ebb-499bc58bc4ed
*** Element info: {Using=xpath, value=//*[@text='calendar outline Add To Calendar']}
at org.openqa.selenium.remote.http.W3CHttpResponseCodec.createException(W3CHttpResponseCodec.java:187)
at org.openqa.selenium.remote.http.W3CHttpResponseCodec.decode(W3CHttpResponseCodec.java:122)
at org.openqa.selenium.remote.http.W3CHttpResponseCodec.decode(W3CHttpResponseCodec.java:49)
at org.openqa.selenium.remote.HttpCommandExecutor.execute(HttpCommandExecutor.java:158)
at io.appium.java_client.remote.AppiumCommandExecutor.execute(AppiumCommandExecutor.java:247)
at org.openqa.selenium.remote.RemoteWebDriver.execute(RemoteWebDriver.java:552)
at io.appium.java_client.DefaultGenericMobileDriver.execute(DefaultGenericMobileDriver.java:41)
at io.appium.java_client.AppiumDriver.execute(AppiumDriver.java:1)
at org.openqa.selenium.remote.RemoteWebDriver.findElement(RemoteWebDriver.java:323)
at io.appium.java_client.DefaultGenericMobileDriver.findElement(DefaultGenericMobileDriver.java:61)
at io.appium.java_client.AppiumDriver.findElement(AppiumDriver.java:1)
at org.openqa.selenium.remote.RemoteWebDriver.findElementByXPath(RemoteWebDriver.java:428)
at io.appium.java_client.DefaultGenericMobileDriver.findElementByXPath(DefaultGenericMobileDriver.java:151)
at io.appium.java_client.AppiumDriver.findElementByXPath(AppiumDriver.java:1)
at org.openqa.selenium.By$ByXPath.findElement(By.java:353)
at org.openqa.selenium.remote.RemoteWebDriver.findElement(RemoteWebDriver.java:315)
at io.appium.java_client.DefaultGenericMobileDriver.findElement(DefaultGenericMobileDriver.java:57)
at io.appium.java_client.AppiumDriver.findElement(AppiumDriver.java:1)
at com.medevantage.pages.AppointmentConfm_Page.add_To_Calender(AppointmentConfm_Page.java:26)
at com.medevantage.testCases.AppointmentConfm_Test.AppointmentConfm(AppointmentConfm_Test.java:19)
at java.base/java.util.ArrayList.forEach(ArrayList.java:1511)
... Removed 32 stack frames]]>
    </failure>
  </testcase> <!-- AppointmentConfm -->
</testsuite> <!-- Test(failed) -->
