<?xml version="1.0" encoding="UTF-8"?>
<testng-results ignored="0" total="0" passed="0" failed="0" skipped="0">
  <reporter-output>
  </reporter-output>
  <suite started-at="2022-12-07T21:20:26 IST" name="Medevantage_Suite" finished-at="2022-12-07T21:20:26 IST" duration-ms="15">
    <groups>
    </groups>
    <test started-at="2022-12-07T21:20:26 IST" name="Medevantage_App" finished-at="2022-12-07T21:20:26 IST" duration-ms="15">
    </test> <!-- Medevantage_App -->
  </suite> <!-- Medevantage_Suite -->
</testng-results>
