<?xml version="1.0" encoding="UTF-8"?>
<!-- Generated by org.testng.reporters.JUnitXMLReporter -->
<testsuite ignored="0" hostname="DESKTOP-LBD5C48" failures="1" tests="1" name="Test" time="219.314" errors="0" timestamp="2022-08-10T16:29:43 IST">
  <testcase classname="com.medevantage.testCases.SignIn_Test" name="SignIn" time="218.15">
    <failure type="java.lang.AssertionError" message="SignIn_Failed expected [Choose Patient] but found [Invalid email or password]">
      <![CDATA[java.lang.AssertionError: SignIn_Failed expected [Choose Patient] but found [Invalid email or password]
at com.medevantage.testCases.SignIn_Test.SignIn(SignIn_Test.java:25)
at java.base/java.util.ArrayList.forEach(ArrayList.java:1511)
... Removed 32 stack frames]]>
    </failure>
  </testcase> <!-- SignIn -->
</testsuite> <!-- Test -->
